Arguments: 
  C:\Program Files\nodejs\node.exe C:\Users\esred\AppData\Roaming\npm\node_modules\yarn\bin\yarn.js

PATH: 
  C:\Program Files (x86)\Common Files\Oracle\Java\javapath;C:\app\esred\product\12.1.0\dbhome_3\bin;C:\app\esred\product\12.1.0\dbhome_2\bin;C:\app\esred\product\12.1.0\dbhome_1\bin;C:\ProgramData\Oracle\Java\javapath;C:\WINDOWS\system32;C:\WINDOWS;C:\WINDOWS\System32\Wbem;C:\WINDOWS\System32\WindowsPowerShell\v1.0\;C:\instantclient_12_1;%USERPROFILE%\.dnx\bin;C:\Program Files\Microsoft DNX\Dnvm\;C:\Program Files (x86)\Windows Kits\8.1\Windows Performance Toolkit\;C:\Program Files\PuTTY\;C:\xampp\php;C:\ProgramData\ComposerSetup\bin;C:\Program Files\Git\cmd;C:\Program Files\nodejs\;C:\WINDOWS\System32\OpenSSH\;C:\Program Files\Microsoft VS Code\bin;C:\Program Files\MongoDB\Server\3.6\bin;C:\Program Files\CMake\bin;C:\Ruby25-x64\bin;C:\Users\esred\AppData\Local\Microsoft\WindowsApps;C:\Users\esred\AppData\Local\atom\bin;C:\Users\esred\AppData\Local\Microsoft\WindowsApps;C:\Users\esred\AppData\Roaming\Composer\vendor\bin;C:\Program Files\Heroku\bin;C:\Users\esred\AppData\Roaming\npm;C:\Users\esred\AppData\Local\Programs\Microsoft VS Code\bin;C:\Program Files\Docker Toolbox

Yarn version: 
  1.9.4

Node version: 
  8.11.2

Platform: 
  win32 x64

Trace: 
  Error: socket hang up
      at TLSSocket.onHangUp (_tls_wrap.js:1137:19)
      at Object.onceWrapper (events.js:313:30)
      at emitNone (events.js:111:20)
      at TLSSocket.emit (events.js:208:7)
      at endReadableNT (_stream_readable.js:1064:12)
      at _combinedTickCallback (internal/process/next_tick.js:138:11)
      at process._tickCallback (internal/process/next_tick.js:180:9)

npm manifest: 
  {
    "name": "mobx-sass",
    "version": "0.1.0",
    "private": true,
    "dependencies": {
      "autoprefixer": "7.1.6",
      "axios": "^0.18.0",
      "babel-core": "6.26.0",
      "babel-loader": "7.1.2",
      "babel-preset-react-app": "^3.1.2",
      "babel-runtime": "6.26.0",
      "case-sensitive-paths-webpack-plugin": "2.1.1",
      "chalk": "1.1.3",
      "css-loader": "0.28.7",
      "decorators": "0.0.1",
      "dotenv": "4.0.0",
      "dotenv-expand": "4.2.0",
      "eslint": "4.10.0",
      "eslint-config-react-app": "^2.1.0",
      "eslint-loader": "1.9.0",
      "eslint-plugin-flowtype": "2.39.1",
      "eslint-plugin-import": "2.8.0",
      "eslint-plugin-jsx-a11y": "5.1.1",
      "eslint-plugin-react": "7.4.0",
      "extract-text-webpack-plugin": "3.0.2",
      "file-loader": "1.1.5",
      "fs-extra": "3.0.1",
      "hammerjs": "^2.0.8",
      "html-webpack-plugin": "2.29.0",
      "jest": "20.0.4",
      "jquery": "^3.3.1",
      "mobx": "^5.5.0",
      "mobx-react": "^5.2.8",
      "muuri": "^0.7.0",
      "node-sass": "^4.9.3",
      "object-assign": "4.1.1",
      "postcss-flexbugs-fixes": "3.2.0",
      "postcss-loader": "2.0.8",
      "promise": "8.0.1",
      "raf": "3.4.0",
      "react": "^16.5.2",
      "react-app-rewire-mobx": "^1.0.9",
      "react-canvas-gauge": "^1.0.2",
      "react-dev-utils": "^5.0.2",
      "react-dom": "^16.5.2",
      "react-router-dom": "^4.3.1",
      "react-scripts": "^2.0.3",
      "recharts": "^1.2.0",
      "resolve": "1.6.0",
      "sass-loader": "^7.1.0",
      "simpler-react-scripts": "0.1.7",
      "socket.io": "^2.1.1",
      "socket.io-client": "^2.1.1",
      "style-loader": "0.19.0",
      "sw-precache-webpack-plugin": "0.11.4",
      "url-loader": "0.6.2",
      "webpack": "3.8.1",
      "webpack-dev-server": "2.11.3",
      "webpack-manifest-plugin": "1.3.2",
      "whatwg-fetch": "2.0.3"
    },
    "scripts": {
      "start": "react-app-rewired start",
      "build": "react-app-rewired build",
      "test": "react-app-rewired test --env=jsdom",
      "eject": "react-app-rewired eject"
    },
    "devDependencies": {
      "react-app-rewired": "^1.6.2"
    },
    "browserslist": [
      ">0.2%",
      "not dead",
      "not ie <= 11",
      "not op_mini all"
    ]
  }

yarn manifest: 
  No manifest

Lockfile: 
  No lockfile
